#
# A fatal error has been detected by the Java Runtime Environment:
#
#  EXCEPTION_ACCESS_VIOLATION (0xc0000005) at pc=0x0000000000000000, pid=7292, tid=3572
#
# JRE version: OpenJDK Runtime Environment Corretto-19.0.2.7.1 (19.0.2+7) (build 19.0.2+7-FR)
# Java VM: OpenJDK 64-Bit Server VM Corretto-19.0.2.7.1 (19.0.2+7-FR, mixed mode, sharing, tiered, compressed oops, compressed class ptrs, g1 gc, windows-amd64)
# Problematic frame:
# C  0x0000000000000000
#
# No core dump will be written. Minidumps are not enabled by default on client versions of Windows
#
# If you would like to submit a bug report, please visit:
#   https://github.com/corretto/corretto-19/issues/
# The crash happened outside the Java Virtual Machine in native code.
# See problematic frame for where to report the bug.
#

---------------  S U M M A R Y ------------

Command Line: -agentlib:jdwp=transport=dt_socket,server=n,suspend=y,address=127.0.0.1:61606 -Dfile.encoding=windows-1252 -Duser.country=DE -Duser.language=de -Duser.variant org.dogwaterdev.Main

Host: Intel(R) Core(TM) i5-1035G4 CPU @ 1.10GHz, 8 cores, 7G,  Windows 11 , 64 bit Build 22621 (10.0.22621.2506)
Time: Thu Dec 21 08:01:12 2023 Mitteleuropäische Zeit elapsed time: 1.385405 seconds (0d 0h 0m 1s)

---------------  T H R E A D  ---------------

Current thread (0x00000229257d5220):  JavaThread "main" [_thread_in_native, id=3572, stack(0x000000ea25300000,0x000000ea25400000)]

Stack: [0x000000ea25300000,0x000000ea25400000],  sp=0x000000ea253ff008,  free space=1020k
Native frames: (J=compiled Java code, j=interpreted, Vv=VM code, C=native code)

Java frames: (J=compiled Java code, j=interpreted, Vv=VM code)
j  dge.Window.changeScene(I)V+28
j  dge.Window.init()V+162
j  dge.Window.run()V+15
j  org.dogwaterdev.Main.main([Ljava/lang/String;)V+5
v  ~StubRoutines::call_stub 0x0000022934ef10e8

siginfo: EXCEPTION_ACCESS_VIOLATION (0xc0000005), data execution prevention violation at address 0x0000000000000000


Registers:
RAX=0x0000022948bf7ec0, RBX=0x0000022923553210, RCX=0x00000229257d5500, RDX=0x0000022923553210
RSP=0x000000ea253ff008, RBP=0x0000022948209ad0, RSI=0x000000ea253ff0b0, RDI=0x00000229257d5500
R8 =0x0000000000010002, R9 =0x0000000000000000, R10=0x0000000000000000, R11=0x000000ea253fefd8
R12=0x0000000000000007, R13=0x000002292360ede0, R14=0x00007ffb61c6f200, R15=0x0000000000000000
RIP=0x0000000000000000, EFLAGS=0x0000000000010206


Register to memory mapping:

RIP=0x0 is NULL
RAX=0x0000022948bf7ec0 points into unknown readable memory: 0x0000000000000000 | 00 00 00 00 00 00 00 00
RBX=0x0000022923553210 points into unknown readable memory: 0x000000008df0a4b0 | b0 a4 f0 8d 00 00 00 00
RCX=0x00000229257d5500 points into unknown readable memory: 0x0000022948bf7ec0 | c0 7e bf 48 29 02 00 00
RDX=0x0000022923553210 points into unknown readable memory: 0x000000008df0a4b0 | b0 a4 f0 8d 00 00 00 00
RSP=0x000000ea253ff008 is pointing into the stack for thread: 0x00000229257d5220
RBP=0x0000022948209ad0 points into unknown readable memory: 0x0000022943e1ac90 | 90 ac e1 43 29 02 00 00
RSI=0x000000ea253ff0b0 is pointing into the stack for thread: 0x00000229257d5220
RDI=0x00000229257d5500 points into unknown readable memory: 0x0000022948bf7ec0 | c0 7e bf 48 29 02 00 00
R8 =0x0000000000010002 is an unknown value
R9 =0x0 is NULL
R10=0x0 is NULL
R11=0x000000ea253fefd8 is pointing into the stack for thread: 0x00000229257d5220
R12=0x0000000000000007 is an unknown value
R13=0x000002292360ede0 points into unknown readable memory: 0x00007ffadbf0e340 | 40 e3 f0 db fa 7f 00 00
R14=0x00007ffb61c6f200 jdwp.dll
R15=0x0 is NULL


Top of Stack: (sp=0x000000ea253ff008)
0x000000ea253ff008:   00007ffb61c55c05 0000022923553210
0x000000ea253ff018:   000000ea253ff0b0 0000000000000000
0x000000ea253ff028:   0000000000000000 00000229257d5220
0x000000ea253ff038:   000002294822bc00 0000022923553210
0x000000ea253ff048:   00007ffb61c6f270 0000000000000000
0x000000ea253ff058:   00007ffb61c5275f 0000022923553210
0x000000ea253ff068:   0000022948209ad0 00000229257d5500
0x000000ea253ff078:   0000022923553218 000002294822bc00
0x000000ea253ff088:   0000000000000000 0000000800000e60
0x000000ea253ff098:   0000000800475488 000000ea253ff100
0x000000ea253ff0a8:   00007ffadb6126c1 0000000000000007
0x000000ea253ff0b8:   0000022923553210 0000000000000000
0x000000ea253ff0c8:   0000022923553218 0000000000000000
0x000000ea253ff0d8:   0000000000000000 0000000000000000
0x000000ea253ff0e8:   0000000000000000 0000000000000000
0x000000ea253ff0f8:   0000000000000000 0000000000000000 

Instructions: (pc=0x0000000000000000)
0xffffffffffffff00:   


Stack slot to memory mapping:
stack at sp + 0 slots: 0x00007ffb61c55c05 jdwp.dll
stack at sp + 1 slots: 0x0000022923553210 points into unknown readable memory: 0x000000008df0a4b0 | b0 a4 f0 8d 00 00 00 00
stack at sp + 2 slots: 0x000000ea253ff0b0 is pointing into the stack for thread: 0x00000229257d5220
stack at sp + 3 slots: 0x0 is NULL
stack at sp + 4 slots: 0x0 is NULL
stack at sp + 5 slots: 0x00000229257d5220 is a thread
stack at sp + 6 slots: 0x000002294822bc00 points into unknown readable memory: 0x6764000968b10005 | 05 00 b1 68 09 00 64 67
stack at sp + 7 slots: 0x0000022923553210 points into unknown readable memory: 0x000000008df0a4b0 | b0 a4 f0 8d 00 00 00 00


---------------  P R O C E S S  ---------------

Threads class SMR info:
_java_thread_list=0x0000022948266fa0, length=15, elements={
0x00000229257d5220, 0x0000022943f7c5d0, 0x0000022943f7d2b0, 0x0000022943f7fc50,
0x0000022943f80670, 0x0000022943f81830, 0x0000022943f86270, 0x0000022943f8cba0,
0x0000022943f97300, 0x0000022943fa3460, 0x0000022948230d50, 0x0000022948231cf0,
0x000002294824c610, 0x0000022948262b20, 0x000002294825b6a0
}

Java Threads: ( => current thread )
=>0x00000229257d5220 JavaThread "main" [_thread_in_native, id=3572, stack(0x000000ea25300000,0x000000ea25400000)]
  0x0000022943f7c5d0 JavaThread "Reference Handler" daemon [_thread_blocked, id=20976, stack(0x000000ea25a00000,0x000000ea25b00000)]
  0x0000022943f7d2b0 JavaThread "Finalizer" daemon [_thread_blocked, id=19084, stack(0x000000ea25b00000,0x000000ea25c00000)]
  0x0000022943f7fc50 JavaThread "Signal Dispatcher" daemon [_thread_blocked, id=18680, stack(0x000000ea25c00000,0x000000ea25d00000)]
  0x0000022943f80670 JavaThread "Attach Listener" daemon [_thread_blocked, id=15340, stack(0x000000ea25d00000,0x000000ea25e00000)]
  0x0000022943f81830 JavaThread "Service Thread" daemon [_thread_blocked, id=12488, stack(0x000000ea25e00000,0x000000ea25f00000)]
  0x0000022943f86270 JavaThread "Monitor Deflation Thread" daemon [_thread_blocked, id=24304, stack(0x000000ea25f00000,0x000000ea26000000)]
  0x0000022943f8cba0 JavaThread "C2 CompilerThread0" daemon [_thread_blocked, id=12412, stack(0x000000ea26000000,0x000000ea26100000)]
  0x0000022943f97300 JavaThread "C1 CompilerThread0" daemon [_thread_blocked, id=7504, stack(0x000000ea26100000,0x000000ea26200000)]
  0x0000022943fa3460 JavaThread "Sweeper thread" daemon [_thread_blocked, id=24108, stack(0x000000ea26200000,0x000000ea26300000)]
  0x0000022948230d50 JavaThread "JDWP Transport Listener: dt_socket" daemon [_thread_blocked, id=7852, stack(0x000000ea26300000,0x000000ea26400000)]
  0x0000022948231cf0 JavaThread "JDWP Event Helper Thread" daemon [_thread_blocked, id=11512, stack(0x000000ea26400000,0x000000ea26500000)]
  0x000002294824c610 JavaThread "JDWP Command Reader" daemon [_thread_in_native, id=14296, stack(0x000000ea26500000,0x000000ea26600000)]
  0x0000022948262b20 JavaThread "Notification Thread" daemon [_thread_blocked, id=23420, stack(0x000000ea26600000,0x000000ea26700000)]
  0x000002294825b6a0 JavaThread "Common-Cleaner" daemon [_thread_blocked, id=3488, stack(0x000000ea26800000,0x000000ea26900000)]

Other Threads:
  0x0000022943f622b0 VMThread "VM Thread" [stack: 0x000000ea25900000,0x000000ea25a00000] [id=16112]
  0x0000022948232240 WatcherThread "VM Periodic Task Thread" [stack: 0x000000ea26700000,0x000000ea26800000] [id=1640]
  0x0000022925833d40 WorkerThread "GC Thread#0" [stack: 0x000000ea25400000,0x000000ea25500000] [id=22704]
  0x0000022925844180 ConcurrentGCThread "G1 Main Marker" [stack: 0x000000ea25500000,0x000000ea25600000] [id=16088]
  0x00000229258465a0 WorkerThread "G1 Conc#0" [stack: 0x000000ea25600000,0x000000ea25700000] [id=20104]
  0x000002292589e650 ConcurrentGCThread "G1 Refine#0" [stack: 0x000000ea25700000,0x000000ea25800000] [id=22940]
  0x0000022943e1c370 ConcurrentGCThread "G1 Service" [stack: 0x000000ea25800000,0x000000ea25900000] [id=23712]

Threads with active compile tasks:

VM state: not at safepoint (normal execution)

VM Mutex/Monitor currently owned by a thread: None

Heap address: 0x0000000086600000, size: 1946 MB, Compressed Oops mode: 32-bit

CDS archive(s) mapped at: [0x0000000800000000-0x0000000800c40000-0x0000000800c40000), size 12845056, SharedBaseAddress: 0x0000000800000000, ArchiveRelocationMode: 0.
Compressed class space mapped at: 0x0000000801000000-0x0000000841000000, reserved size: 1073741824
Narrow klass base: 0x0000000800000000, Narrow klass shift: 0, Narrow klass range: 0x100000000

GC Precious Log:
 CardTable entry size: 512
 Card Set container configuration: InlinePtr #cards 5 size 8 Array Of Cards #cards 12 size 40 Howl #buckets 4 coarsen threshold 1843 Howl Bitmap #cards 512 size 80 coarsen threshold 460 Card regions per heap region 1 cards per card region 2048
 CPUs: 8 total, 8 available
 Memory: 7778M
 Large Page Support: Disabled
 NUMA Support: Disabled
 Compressed Oops: Enabled (32-bit)
 Heap Region Size: 1M
 Heap Min Capacity: 8M
 Heap Initial Capacity: 122M
 Heap Max Capacity: 1946M
 Pre-touch: Disabled
 Parallel Workers: 8
 Concurrent Workers: 2
 Concurrent Refinement Workers: 8
 Periodic GC: Disabled

Heap:
 garbage-first heap   total 124928K, used 13312K [0x0000000086600000, 0x0000000100000000)
  region size 1024K, 15 young (15360K), 0 survivors (0K)
 Metaspace       used 5044K, committed 5184K, reserved 1114112K
  class space    used 232K, committed 320K, reserved 1048576K

Heap Regions: E=young(eden), S=young(survivor), O=old, HS=humongous(starts), HC=humongous(continues), CS=collection set, F=free, OA=open archive, CA=closed archive, TAMS=top-at-mark-start (previous, next)
|   0|0x0000000086600000, 0x0000000086600000, 0x0000000086700000|  0%| F|  |TAMS 0x0000000086600000, 0x0000000086600000| Untracked 
|   1|0x0000000086700000, 0x0000000086700000, 0x0000000086800000|  0%| F|  |TAMS 0x0000000086700000, 0x0000000086700000| Untracked 
|   2|0x0000000086800000, 0x0000000086800000, 0x0000000086900000|  0%| F|  |TAMS 0x0000000086800000, 0x0000000086800000| Untracked 
|   3|0x0000000086900000, 0x0000000086900000, 0x0000000086a00000|  0%| F|  |TAMS 0x0000000086900000, 0x0000000086900000| Untracked 
|   4|0x0000000086a00000, 0x0000000086a00000, 0x0000000086b00000|  0%| F|  |TAMS 0x0000000086a00000, 0x0000000086a00000| Untracked 
|   5|0x0000000086b00000, 0x0000000086b00000, 0x0000000086c00000|  0%| F|  |TAMS 0x0000000086b00000, 0x0000000086b00000| Untracked 
|   6|0x0000000086c00000, 0x0000000086c00000, 0x0000000086d00000|  0%| F|  |TAMS 0x0000000086c00000, 0x0000000086c00000| Untracked 
|   7|0x0000000086d00000, 0x0000000086d00000, 0x0000000086e00000|  0%| F|  |TAMS 0x0000000086d00000, 0x0000000086d00000| Untracked 
|   8|0x0000000086e00000, 0x0000000086e00000, 0x0000000086f00000|  0%| F|  |TAMS 0x0000000086e00000, 0x0000000086e00000| Untracked 
|   9|0x0000000086f00000, 0x0000000086f00000, 0x0000000087000000|  0%| F|  |TAMS 0x0000000086f00000, 0x0000000086f00000| Untracked 
|  10|0x0000000087000000, 0x0000000087000000, 0x0000000087100000|  0%| F|  |TAMS 0x0000000087000000, 0x0000000087000000| Untracked 
|  11|0x0000000087100000, 0x0000000087100000, 0x0000000087200000|  0%| F|  |TAMS 0x0000000087100000, 0x0000000087100000| Untracked 
|  12|0x0000000087200000, 0x0000000087200000, 0x0000000087300000|  0%| F|  |TAMS 0x0000000087200000, 0x0000000087200000| Untracked 
|  13|0x0000000087300000, 0x0000000087300000, 0x0000000087400000|  0%| F|  |TAMS 0x0000000087300000, 0x0000000087300000| Untracked 
|  14|0x0000000087400000, 0x0000000087400000, 0x0000000087500000|  0%| F|  |TAMS 0x0000000087400000, 0x0000000087400000| Untracked 
|  15|0x0000000087500000, 0x0000000087500000, 0x0000000087600000|  0%| F|  |TAMS 0x0000000087500000, 0x0000000087500000| Untracked 
|  16|0x0000000087600000, 0x0000000087600000, 0x0000000087700000|  0%| F|  |TAMS 0x0000000087600000, 0x0000000087600000| Untracked 
|  17|0x0000000087700000, 0x0000000087700000, 0x0000000087800000|  0%| F|  |TAMS 0x0000000087700000, 0x0000000087700000| Untracked 
|  18|0x0000000087800000, 0x0000000087800000, 0x0000000087900000|  0%| F|  |TAMS 0x0000000087800000, 0x0000000087800000| Untracked 
|  19|0x0000000087900000, 0x0000000087900000, 0x0000000087a00000|  0%| F|  |TAMS 0x0000000087900000, 0x0000000087900000| Untracked 
|  20|0x0000000087a00000, 0x0000000087a00000, 0x0000000087b00000|  0%| F|  |TAMS 0x0000000087a00000, 0x0000000087a00000| Untracked 
|  21|0x0000000087b00000, 0x0000000087b00000, 0x0000000087c00000|  0%| F|  |TAMS 0x0000000087b00000, 0x0000000087b00000| Untracked 
|  22|0x0000000087c00000, 0x0000000087c00000, 0x0000000087d00000|  0%| F|  |TAMS 0x0000000087c00000, 0x0000000087c00000| Untracked 
|  23|0x0000000087d00000, 0x0000000087d00000, 0x0000000087e00000|  0%| F|  |TAMS 0x0000000087d00000, 0x0000000087d00000| Untracked 
|  24|0x0000000087e00000, 0x0000000087e00000, 0x0000000087f00000|  0%| F|  |TAMS 0x0000000087e00000, 0x0000000087e00000| Untracked 
|  25|0x0000000087f00000, 0x0000000087f00000, 0x0000000088000000|  0%| F|  |TAMS 0x0000000087f00000, 0x0000000087f00000| Untracked 
|  26|0x0000000088000000, 0x0000000088000000, 0x0000000088100000|  0%| F|  |TAMS 0x0000000088000000, 0x0000000088000000| Untracked 
|  27|0x0000000088100000, 0x0000000088100000, 0x0000000088200000|  0%| F|  |TAMS 0x0000000088100000, 0x0000000088100000| Untracked 
|  28|0x0000000088200000, 0x0000000088200000, 0x0000000088300000|  0%| F|  |TAMS 0x0000000088200000, 0x0000000088200000| Untracked 
|  29|0x0000000088300000, 0x0000000088300000, 0x0000000088400000|  0%| F|  |TAMS 0x0000000088300000, 0x0000000088300000| Untracked 
|  30|0x0000000088400000, 0x0000000088400000, 0x0000000088500000|  0%| F|  |TAMS 0x0000000088400000, 0x0000000088400000| Untracked 
|  31|0x0000000088500000, 0x0000000088500000, 0x0000000088600000|  0%| F|  |TAMS 0x0000000088500000, 0x0000000088500000| Untracked 
|  32|0x0000000088600000, 0x0000000088600000, 0x0000000088700000|  0%| F|  |TAMS 0x0000000088600000, 0x0000000088600000| Untracked 
|  33|0x0000000088700000, 0x0000000088700000, 0x0000000088800000|  0%| F|  |TAMS 0x0000000088700000, 0x0000000088700000| Untracked 
|  34|0x0000000088800000, 0x0000000088800000, 0x0000000088900000|  0%| F|  |TAMS 0x0000000088800000, 0x0000000088800000| Untracked 
|  35|0x0000000088900000, 0x0000000088900000, 0x0000000088a00000|  0%| F|  |TAMS 0x0000000088900000, 0x0000000088900000| Untracked 
|  36|0x0000000088a00000, 0x0000000088a00000, 0x0000000088b00000|  0%| F|  |TAMS 0x0000000088a00000, 0x0000000088a00000| Untracked 
|  37|0x0000000088b00000, 0x0000000088b00000, 0x0000000088c00000|  0%| F|  |TAMS 0x0000000088b00000, 0x0000000088b00000| Untracked 
|  38|0x0000000088c00000, 0x0000000088c00000, 0x0000000088d00000|  0%| F|  |TAMS 0x0000000088c00000, 0x0000000088c00000| Untracked 
|  39|0x0000000088d00000, 0x0000000088d00000, 0x0000000088e00000|  0%| F|  |TAMS 0x0000000088d00000, 0x0000000088d00000| Untracked 
|  40|0x0000000088e00000, 0x0000000088e00000, 0x0000000088f00000|  0%| F|  |TAMS 0x0000000088e00000, 0x0000000088e00000| Untracked 
|  41|0x0000000088f00000, 0x0000000088f00000, 0x0000000089000000|  0%| F|  |TAMS 0x0000000088f00000, 0x0000000088f00000| Untracked 
|  42|0x0000000089000000, 0x0000000089000000, 0x0000000089100000|  0%| F|  |TAMS 0x0000000089000000, 0x0000000089000000| Untracked 
|  43|0x0000000089100000, 0x0000000089100000, 0x0000000089200000|  0%| F|  |TAMS 0x0000000089100000, 0x0000000089100000| Untracked 
|  44|0x0000000089200000, 0x0000000089200000, 0x0000000089300000|  0%| F|  |TAMS 0x0000000089200000, 0x0000000089200000| Untracked 
|  45|0x0000000089300000, 0x0000000089300000, 0x0000000089400000|  0%| F|  |TAMS 0x0000000089300000, 0x0000000089300000| Untracked 
|  46|0x0000000089400000, 0x0000000089400000, 0x0000000089500000|  0%| F|  |TAMS 0x0000000089400000, 0x0000000089400000| Untracked 
|  47|0x0000000089500000, 0x0000000089500000, 0x0000000089600000|  0%| F|  |TAMS 0x0000000089500000, 0x0000000089500000| Untracked 
|  48|0x0000000089600000, 0x0000000089600000, 0x0000000089700000|  0%| F|  |TAMS 0x0000000089600000, 0x0000000089600000| Untracked 
|  49|0x0000000089700000, 0x0000000089700000, 0x0000000089800000|  0%| F|  |TAMS 0x0000000089700000, 0x0000000089700000| Untracked 
|  50|0x0000000089800000, 0x0000000089800000, 0x0000000089900000|  0%| F|  |TAMS 0x0000000089800000, 0x0000000089800000| Untracked 
|  51|0x0000000089900000, 0x0000000089900000, 0x0000000089a00000|  0%| F|  |TAMS 0x0000000089900000, 0x0000000089900000| Untracked 
|  52|0x0000000089a00000, 0x0000000089a00000, 0x0000000089b00000|  0%| F|  |TAMS 0x0000000089a00000, 0x0000000089a00000| Untracked 
|  53|0x0000000089b00000, 0x0000000089b00000, 0x0000000089c00000|  0%| F|  |TAMS 0x0000000089b00000, 0x0000000089b00000| Untracked 
|  54|0x0000000089c00000, 0x0000000089c00000, 0x0000000089d00000|  0%| F|  |TAMS 0x0000000089c00000, 0x0000000089c00000| Untracked 
|  55|0x0000000089d00000, 0x0000000089d00000, 0x0000000089e00000|  0%| F|  |TAMS 0x0000000089d00000, 0x0000000089d00000| Untracked 
|  56|0x0000000089e00000, 0x0000000089e00000, 0x0000000089f00000|  0%| F|  |TAMS 0x0000000089e00000, 0x0000000089e00000| Untracked 
|  57|0x0000000089f00000, 0x0000000089f00000, 0x000000008a000000|  0%| F|  |TAMS 0x0000000089f00000, 0x0000000089f00000| Untracked 
|  58|0x000000008a000000, 0x000000008a000000, 0x000000008a100000|  0%| F|  |TAMS 0x000000008a000000, 0x000000008a000000| Untracked 
|  59|0x000000008a100000, 0x000000008a100000, 0x000000008a200000|  0%| F|  |TAMS 0x000000008a100000, 0x000000008a100000| Untracked 
|  60|0x000000008a200000, 0x000000008a200000, 0x000000008a300000|  0%| F|  |TAMS 0x000000008a200000, 0x000000008a200000| Untracked 
|  61|0x000000008a300000, 0x000000008a300000, 0x000000008a400000|  0%| F|  |TAMS 0x000000008a300000, 0x000000008a300000| Untracked 
|  62|0x000000008a400000, 0x000000008a400000, 0x000000008a500000|  0%| F|  |TAMS 0x000000008a400000, 0x000000008a400000| Untracked 
|  63|0x000000008a500000, 0x000000008a500000, 0x000000008a600000|  0%| F|  |TAMS 0x000000008a500000, 0x000000008a500000| Untracked 
|  64|0x000000008a600000, 0x000000008a600000, 0x000000008a700000|  0%| F|  |TAMS 0x000000008a600000, 0x000000008a600000| Untracked 
|  65|0x000000008a700000, 0x000000008a700000, 0x000000008a800000|  0%| F|  |TAMS 0x000000008a700000, 0x000000008a700000| Untracked 
|  66|0x000000008a800000, 0x000000008a800000, 0x000000008a900000|  0%| F|  |TAMS 0x000000008a800000, 0x000000008a800000| Untracked 
|  67|0x000000008a900000, 0x000000008a900000, 0x000000008aa00000|  0%| F|  |TAMS 0x000000008a900000, 0x000000008a900000| Untracked 
|  68|0x000000008aa00000, 0x000000008aa00000, 0x000000008ab00000|  0%| F|  |TAMS 0x000000008aa00000, 0x000000008aa00000| Untracked 
|  69|0x000000008ab00000, 0x000000008ab00000, 0x000000008ac00000|  0%| F|  |TAMS 0x000000008ab00000, 0x000000008ab00000| Untracked 
|  70|0x000000008ac00000, 0x000000008ac00000, 0x000000008ad00000|  0%| F|  |TAMS 0x000000008ac00000, 0x000000008ac00000| Untracked 
|  71|0x000000008ad00000, 0x000000008ad00000, 0x000000008ae00000|  0%| F|  |TAMS 0x000000008ad00000, 0x000000008ad00000| Untracked 
|  72|0x000000008ae00000, 0x000000008ae00000, 0x000000008af00000|  0%| F|  |TAMS 0x000000008ae00000, 0x000000008ae00000| Untracked 
|  73|0x000000008af00000, 0x000000008af00000, 0x000000008b000000|  0%| F|  |TAMS 0x000000008af00000, 0x000000008af00000| Untracked 
|  74|0x000000008b000000, 0x000000008b000000, 0x000000008b100000|  0%| F|  |TAMS 0x000000008b000000, 0x000000008b000000| Untracked 
|  75|0x000000008b100000, 0x000000008b100000, 0x000000008b200000|  0%| F|  |TAMS 0x000000008b100000, 0x000000008b100000| Untracked 
|  76|0x000000008b200000, 0x000000008b200000, 0x000000008b300000|  0%| F|  |TAMS 0x000000008b200000, 0x000000008b200000| Untracked 
|  77|0x000000008b300000, 0x000000008b300000, 0x000000008b400000|  0%| F|  |TAMS 0x000000008b300000, 0x000000008b300000| Untracked 
|  78|0x000000008b400000, 0x000000008b400000, 0x000000008b500000|  0%| F|  |TAMS 0x000000008b400000, 0x000000008b400000| Untracked 
|  79|0x000000008b500000, 0x000000008b500000, 0x000000008b600000|  0%| F|  |TAMS 0x000000008b500000, 0x000000008b500000| Untracked 
|  80|0x000000008b600000, 0x000000008b600000, 0x000000008b700000|  0%| F|  |TAMS 0x000000008b600000, 0x000000008b600000| Untracked 
|  81|0x000000008b700000, 0x000000008b700000, 0x000000008b800000|  0%| F|  |TAMS 0x000000008b700000, 0x000000008b700000| Untracked 
|  82|0x000000008b800000, 0x000000008b800000, 0x000000008b900000|  0%| F|  |TAMS 0x000000008b800000, 0x000000008b800000| Untracked 
|  83|0x000000008b900000, 0x000000008b900000, 0x000000008ba00000|  0%| F|  |TAMS 0x000000008b900000, 0x000000008b900000| Untracked 
|  84|0x000000008ba00000, 0x000000008ba00000, 0x000000008bb00000|  0%| F|  |TAMS 0x000000008ba00000, 0x000000008ba00000| Untracked 
|  85|0x000000008bb00000, 0x000000008bb00000, 0x000000008bc00000|  0%| F|  |TAMS 0x000000008bb00000, 0x000000008bb00000| Untracked 
|  86|0x000000008bc00000, 0x000000008bc00000, 0x000000008bd00000|  0%| F|  |TAMS 0x000000008bc00000, 0x000000008bc00000| Untracked 
|  87|0x000000008bd00000, 0x000000008bd00000, 0x000000008be00000|  0%| F|  |TAMS 0x000000008bd00000, 0x000000008bd00000| Untracked 
|  88|0x000000008be00000, 0x000000008be00000, 0x000000008bf00000|  0%| F|  |TAMS 0x000000008be00000, 0x000000008be00000| Untracked 
|  89|0x000000008bf00000, 0x000000008bf00000, 0x000000008c000000|  0%| F|  |TAMS 0x000000008bf00000, 0x000000008bf00000| Untracked 
|  90|0x000000008c000000, 0x000000008c000000, 0x000000008c100000|  0%| F|  |TAMS 0x000000008c000000, 0x000000008c000000| Untracked 
|  91|0x000000008c100000, 0x000000008c100000, 0x000000008c200000|  0%| F|  |TAMS 0x000000008c100000, 0x000000008c100000| Untracked 
|  92|0x000000008c200000, 0x000000008c200000, 0x000000008c300000|  0%| F|  |TAMS 0x000000008c200000, 0x000000008c200000| Untracked 
|  93|0x000000008c300000, 0x000000008c300000, 0x000000008c400000|  0%| F|  |TAMS 0x000000008c300000, 0x000000008c300000| Untracked 
|  94|0x000000008c400000, 0x000000008c400000, 0x000000008c500000|  0%| F|  |TAMS 0x000000008c400000, 0x000000008c400000| Untracked 
|  95|0x000000008c500000, 0x000000008c500000, 0x000000008c600000|  0%| F|  |TAMS 0x000000008c500000, 0x000000008c500000| Untracked 
|  96|0x000000008c600000, 0x000000008c600000, 0x000000008c700000|  0%| F|  |TAMS 0x000000008c600000, 0x000000008c600000| Untracked 
|  97|0x000000008c700000, 0x000000008c700000, 0x000000008c800000|  0%| F|  |TAMS 0x000000008c700000, 0x000000008c700000| Untracked 
|  98|0x000000008c800000, 0x000000008c800000, 0x000000008c900000|  0%| F|  |TAMS 0x000000008c800000, 0x000000008c800000| Untracked 
|  99|0x000000008c900000, 0x000000008c900000, 0x000000008ca00000|  0%| F|  |TAMS 0x000000008c900000, 0x000000008c900000| Untracked 
| 100|0x000000008ca00000, 0x000000008ca00000, 0x000000008cb00000|  0%| F|  |TAMS 0x000000008ca00000, 0x000000008ca00000| Untracked 
| 101|0x000000008cb00000, 0x000000008cb00000, 0x000000008cc00000|  0%| F|  |TAMS 0x000000008cb00000, 0x000000008cb00000| Untracked 
| 102|0x000000008cc00000, 0x000000008cc00000, 0x000000008cd00000|  0%| F|  |TAMS 0x000000008cc00000, 0x000000008cc00000| Untracked 
| 103|0x000000008cd00000, 0x000000008cd00000, 0x000000008ce00000|  0%| F|  |TAMS 0x000000008cd00000, 0x000000008cd00000| Untracked 
| 104|0x000000008ce00000, 0x000000008ce00000, 0x000000008cf00000|  0%| F|  |TAMS 0x000000008ce00000, 0x000000008ce00000| Untracked 
| 105|0x000000008cf00000, 0x000000008cf00000, 0x000000008d000000|  0%| F|  |TAMS 0x000000008cf00000, 0x000000008cf00000| Untracked 
| 106|0x000000008d000000, 0x000000008d000000, 0x000000008d100000|  0%| F|  |TAMS 0x000000008d000000, 0x000000008d000000| Untracked 
| 107|0x000000008d100000, 0x000000008d100800, 0x000000008d200000|  0%| E|  |TAMS 0x000000008d100000, 0x000000008d100000| Complete 
| 108|0x000000008d200000, 0x000000008d300000, 0x000000008d300000|100%| E|CS|TAMS 0x000000008d200000, 0x000000008d200000| Complete 
| 109|0x000000008d300000, 0x000000008d400000, 0x000000008d400000|100%| E|CS|TAMS 0x000000008d300000, 0x000000008d300000| Complete 
| 110|0x000000008d400000, 0x000000008d500000, 0x000000008d500000|100%| E|CS|TAMS 0x000000008d400000, 0x000000008d400000| Complete 
| 111|0x000000008d500000, 0x000000008d600000, 0x000000008d600000|100%| E|CS|TAMS 0x000000008d500000, 0x000000008d500000| Complete 
| 112|0x000000008d600000, 0x000000008d700000, 0x000000008d700000|100%| E|CS|TAMS 0x000000008d600000, 0x000000008d600000| Complete 
| 113|0x000000008d700000, 0x000000008d800000, 0x000000008d800000|100%| E|CS|TAMS 0x000000008d700000, 0x000000008d700000| Complete 
| 114|0x000000008d800000, 0x000000008d900000, 0x000000008d900000|100%| E|CS|TAMS 0x000000008d800000, 0x000000008d800000| Complete 
| 115|0x000000008d900000, 0x000000008da00000, 0x000000008da00000|100%| E|CS|TAMS 0x000000008d900000, 0x000000008d900000| Complete 
| 116|0x000000008da00000, 0x000000008db00000, 0x000000008db00000|100%| E|  |TAMS 0x000000008da00000, 0x000000008da00000| Complete 
| 117|0x000000008db00000, 0x000000008dc00000, 0x000000008dc00000|100%| E|CS|TAMS 0x000000008db00000, 0x000000008db00000| Complete 
| 118|0x000000008dc00000, 0x000000008dd00000, 0x000000008dd00000|100%| E|CS|TAMS 0x000000008dc00000, 0x000000008dc00000| Complete 
| 119|0x000000008dd00000, 0x000000008de00000, 0x000000008de00000|100%| E|CS|TAMS 0x000000008dd00000, 0x000000008dd00000| Complete 
| 120|0x000000008de00000, 0x000000008df00000, 0x000000008df00000|100%| E|CS|TAMS 0x000000008de00000, 0x000000008de00000| Complete 
| 121|0x000000008df00000, 0x000000008e000000, 0x000000008e000000|100%| E|CS|TAMS 0x000000008df00000, 0x000000008df00000| Complete 

Card table byte_map: [0x000002293d0c0000,0x000002293d490000] _byte_map_base: 0x000002293cc8d000

Marking Bits (Prev, Next): (CMBitMap*) 0x0000022925834370, (CMBitMap*) 0x00000229258343b0
 Prev Bits: [0x000002293d860000, 0x000002293f6c8000)
 Next Bits: [0x000002293f6d0000, 0x0000022941538000)

Polling page: 0x0000022924fa0000

Metaspace:

Usage:
  Non-class:      4.70 MB used.
      Class:    232.87 KB used.
       Both:      4.93 MB used.

Virtual space:
  Non-class space:       64.00 MB reserved,       4.75 MB (  7%) committed,  1 nodes.
      Class space:        1.00 GB reserved,     320.00 KB ( <1%) committed,  1 nodes.
             Both:        1.06 GB reserved,       5.06 MB ( <1%) committed. 

Chunk freelists:
   Non-Class:  648.00 KB
       Class:  3.58 MB
        Both:  4.21 MB

MaxMetaspaceSize: unlimited
CompressedClassSpaceSize: 1.00 GB
Initial GC threshold: 21.00 MB
Current GC threshold: 21.00 MB
CDS: on
MetaspaceReclaimPolicy: balanced
 - commit_granule_bytes: 65536.
 - commit_granule_words: 8192.
 - virtual_space_node_default_size: 8388608.
 - enlarge_chunks_in_place: 1.
 - new_chunks_are_fully_committed: 0.
 - uncommit_free_chunks: 1.
 - use_allocation_guard: 0.


Internal statistics:

num_allocs_failed_limit: 0.
num_arena_births: 86.
num_arena_deaths: 0.
num_vsnodes_births: 2.
num_vsnodes_deaths: 0.
num_space_committed: 79.
num_space_uncommitted: 0.
num_chunks_returned_to_freelist: 0.
num_chunks_taken_from_freelist: 229.
num_chunk_merges: 0.
num_chunk_splits: 160.
num_chunks_enlarged: 123.
num_inconsistent_stats: 0.

CodeHeap 'non-profiled nmethods': size=120000Kb used=266Kb max_used=266Kb free=119733Kb
 bounds [0x0000022935490000, 0x0000022935700000, 0x000002293c9c0000]
CodeHeap 'profiled nmethods': size=120000Kb used=1392Kb max_used=1392Kb free=118607Kb
 bounds [0x000002292d9c0000, 0x000002292dc30000, 0x0000022934ef0000]
CodeHeap 'non-nmethods': size=5760Kb used=1718Kb max_used=1739Kb free=4041Kb
 bounds [0x0000022934ef0000, 0x0000022935160000, 0x0000022935490000]
 total_blobs=1837 nmethods=865 adapters=883
 compilation: enabled
              stopped_count=0, restarted_count=0
 full_count=0

Compilation events (20 events):
Event: 1.362 Thread 0x0000022943f97300  850       3       java.lang.invoke.LambdaForm$MH/0x000000080100c800::invoke (25 bytes)
Event: 1.362 Thread 0x0000022943f97300 nmethod 850 0x000002292db18f10 code [0x000002292db190e0, 0x000002292db19578]
Event: 1.362 Thread 0x0000022943f97300  851       3       java.lang.invoke.DirectMethodHandle$Holder::invokeSpecial (15 bytes)
Event: 1.362 Thread 0x0000022943f97300 nmethod 851 0x000002292db19690 code [0x000002292db19860, 0x000002292db19cb8]
Event: 1.362 Thread 0x0000022943f97300  852       3       java.lang.invoke.DirectMethodHandle$Holder::getLong (28 bytes)
Event: 1.362 Thread 0x0000022943f97300 nmethod 852 0x000002292db19e10 code [0x000002292db1a000, 0x000002292db1a588]
Event: 1.362 Thread 0x0000022943f97300  853       3       java.lang.invoke.DirectMethodHandle::fieldOffset (9 bytes)
Event: 1.363 Thread 0x0000022943f97300 nmethod 853 0x000002292db1a790 code [0x000002292db1a940, 0x000002292db1ab38]
Event: 1.363 Thread 0x0000022943f97300  855       3       java.lang.invoke.DirectMethodHandle::checkBase (5 bytes)
Event: 1.363 Thread 0x0000022943f97300 nmethod 855 0x000002292db1ac10 code [0x000002292db1adc0, 0x000002292db1b028]
Event: 1.363 Thread 0x0000022943f97300  856       3       org.lwjgl.PointerBuffer::put (24 bytes)
Event: 1.363 Thread 0x0000022943f97300 nmethod 856 0x000002292db1b110 code [0x000002292db1b2e0, 0x000002292db1b648]
Event: 1.363 Thread 0x0000022943f97300  857       3       org.lwjgl.system.Checks::check (17 bytes)
Event: 1.363 Thread 0x0000022943f97300 nmethod 857 0x000002292db1b810 code [0x000002292db1b9c0, 0x000002292db1bc38]
Event: 1.363 Thread 0x0000022943f97300  858       3       org.lwjgl.system.CheckIntrinsics::checkIndex (6 bytes)
Event: 1.364 Thread 0x0000022943f97300 nmethod 858 0x000002292db1bd90 code [0x000002292db1bf40, 0x000002292db1c0d8]
Event: 1.365 Thread 0x0000022943f8cba0 nmethod 864 0x00000229354cd790 code [0x00000229354cd920, 0x00000229354cdd08]
Event: 1.365 Thread 0x0000022943f8cba0  860   !   4       java.lang.ref.NativeReferenceQueue::poll (28 bytes)
Event: 1.365 Thread 0x0000022943f8cba0 nmethod 860 0x00000229354cdf90 code [0x00000229354ce120, 0x00000229354ce1b8]
Event: 1.365 Thread 0x0000022943f8cba0  861       4       java.lang.invoke.MethodType::makeImpl (109 bytes)

GC Heap History (0 events):
No events

Dll operation events (8 events):
Event: 0.074 Loaded shared library C:\Users\fabia\.jdks\corretto-19.0.2\bin\java.dll
Event: 0.088 Loaded shared library C:\Users\fabia\.jdks\corretto-19.0.2\bin\jsvml.dll
Event: 0.257 Loaded shared library C:\Users\fabia\.jdks\corretto-19.0.2\bin\net.dll
Event: 0.259 Loaded shared library C:\Users\fabia\.jdks\corretto-19.0.2\bin\nio.dll
Event: 0.268 Loaded shared library C:\Users\fabia\.jdks\corretto-19.0.2\bin\zip.dll
Event: 0.320 Loaded shared library C:\Users\fabia\.jdks\corretto-19.0.2\bin\jimage.dll
Event: 0.445 Loaded shared library C:\Users\fabia\AppData\Local\Temp\lwjglfabia\3.2.3-build-13\lwjgl.dll
Event: 0.965 Loaded shared library C:\Users\fabia\AppData\Local\Temp\lwjglfabia\3.2.3-build-13\lwjgl_opengl.dll

Deoptimization events (10 events):
Event: 0.413 Thread 0x00000229257d5220 DEOPT PACKING pc=0x000002292d9d9d6a sp=0x000000ea253fb430
Event: 0.413 Thread 0x00000229257d5220 DEOPT UNPACKING pc=0x0000022934f5b0e3 sp=0x000000ea253fa850 mode 0
Event: 0.475 Thread 0x00000229257d5220 DEOPT PACKING pc=0x000002292d9c78d5 sp=0x000000ea253f9a10
Event: 0.475 Thread 0x00000229257d5220 DEOPT UNPACKING pc=0x0000022934f5b0e3 sp=0x000000ea253f8e88 mode 0
Event: 1.061 Thread 0x00000229257d5220 Uncommon trap: trap_request=0xffffff54 fr.pc=0x00000229354b848c relative=0x000000000000006c
Event: 1.061 Thread 0x00000229257d5220 Uncommon trap: reason=speculate_null_assert action=make_not_entrant pc=0x00000229354b848c method=sun.misc.Unsafe.putLong(Ljava/lang/Object;JJ)V @ 7 c2
Event: 1.061 Thread 0x00000229257d5220 DEOPT PACKING pc=0x00000229354b848c sp=0x000000ea253ff400
Event: 1.061 Thread 0x00000229257d5220 DEOPT UNPACKING pc=0x0000022934f5a5a3 sp=0x000000ea253ff398 mode 2
Event: 1.280 Thread 0x00000229257d5220 DEOPT PACKING pc=0x000002292da1b5f9 sp=0x000000ea253fcd60
Event: 1.280 Thread 0x00000229257d5220 DEOPT UNPACKING pc=0x0000022934f5b0e3 sp=0x000000ea253fc1c0 mode 0

Classes loaded (20 events):
Event: 0.475 Loading class java/nio/BufferUnderflowException
Event: 0.475 Loading class java/nio/BufferUnderflowException done
Event: 0.510 Loading class java/lang/NoSuchFieldError
Event: 0.510 Loading class java/lang/NoSuchFieldError done
Event: 0.517 Loading class jdk/internal/reflect/MethodHandleIntegerFieldAccessorImpl
Event: 0.517 Loading class jdk/internal/reflect/MethodHandleIntegerFieldAccessorImpl done
Event: 1.033 Loading class jdk/internal/module/ModulePatcher$PatchedModuleReader
Event: 1.033 Loading class jdk/internal/module/ModulePatcher$PatchedModuleReader done
Event: 1.034 Loading class sun/net/www/protocol/jrt/Handler
Event: 1.034 Loading class sun/net/www/protocol/jrt/Handler done
Event: 1.042 Loading class sun/util/resources/LocaleData$CommonResourceBundleProvider
Event: 1.042 Loading class sun/util/resources/LocaleData$LocaleDataResourceBundleProvider
Event: 1.042 Loading class java/util/spi/ResourceBundleProvider
Event: 1.042 Loading class java/util/spi/ResourceBundleProvider done
Event: 1.042 Loading class sun/util/resources/LocaleData$LocaleDataResourceBundleProvider done
Event: 1.042 Loading class sun/util/resources/LocaleData$CommonResourceBundleProvider done
Event: 1.044 Loading class sun/util/resources/Bundles$2
Event: 1.044 Loading class sun/util/resources/Bundles$2 done
Event: 1.288 Loading class jdk/internal/reflect/MethodHandleLongFieldAccessorImpl
Event: 1.288 Loading class jdk/internal/reflect/MethodHandleLongFieldAccessorImpl done

Classes unloaded (0 events):
No events

Classes redefined (0 events):
No events

Internal exceptions (20 events):
Event: 0.399 Thread 0x00000229257d5220 Exception <a 'java/lang/NoSuchMethodError'{0x000000008dce7fc8}: 'java.lang.Object java.lang.invoke.DirectMethodHandle$Holder.invokeStatic(java.lang.Object, java.lang.Object, int)'> (0x000000008dce7fc8) 
thrown [s\src\hotspot\share\interpreter\linkResolver.cpp, line 774]
Event: 0.402 Thread 0x00000229257d5220 Exception <a 'java/lang/NoSuchMethodError'{0x000000008dcf3cf0}: 'void java.lang.invoke.DelegatingMethodHandle$Holder.delegate(java.lang.Object, java.lang.Object, int, java.lang.Object)'> (0x000000008dcf3cf0) 
thrown [s\src\hotspot\share\interpreter\linkResolver.cpp, line 774]
Event: 0.403 Thread 0x00000229257d5220 Exception <a 'java/lang/NoSuchMethodError'{0x000000008dcf7f48}: 'int java.lang.invoke.DirectMethodHandle$Holder.invokeSpecial(java.lang.Object, java.lang.Object, java.lang.Object)'> (0x000000008dcf7f48) 
thrown [s\src\hotspot\share\interpreter\linkResolver.cpp, line 774]
Event: 0.409 Thread 0x00000229257d5220 Exception <a 'java/lang/NoSuchMethodError'{0x000000008db13728}: 'void java.lang.System.loadLibrary(java.lang.String, java.lang.Class)'> (0x000000008db13728) 
thrown [s\src\hotspot\share\interpreter\linkResolver.cpp, line 774]
Event: 0.456 Thread 0x00000229257d5220 Exception <a 'sun/nio/fs/WindowsException'{0x000000008db42198}> (0x000000008db42198) 
thrown [s\src\hotspot\share\prims\jni.cpp, line 517]
Event: 0.457 Thread 0x00000229257d5220 Exception <a 'sun/nio/fs/WindowsException'{0x000000008db426f0}> (0x000000008db426f0) 
thrown [s\src\hotspot\share\prims\jni.cpp, line 517]
Event: 0.509 Thread 0x00000229257d5220 Exception <a 'sun/nio/fs/WindowsException'{0x000000008dbe9cf0}> (0x000000008dbe9cf0) 
thrown [s\src\hotspot\share\prims\jni.cpp, line 517]
Event: 0.509 Thread 0x00000229257d5220 Exception <a 'sun/nio/fs/WindowsException'{0x000000008dbea060}> (0x000000008dbea060) 
thrown [s\src\hotspot\share\prims\jni.cpp, line 517]
Event: 0.518 Thread 0x00000229257d5220 Exception <a 'java/lang/NoSuchMethodError'{0x000000008dbfafc8}: 'int java.lang.invoke.Invokers$Holder.invokeExact_MT(java.lang.Object, java.lang.Object)'> (0x000000008dbfafc8) 
thrown [s\src\hotspot\share\interpreter\linkResolver.cpp, line 774]
Event: 0.841 Thread 0x00000229257d5220 Exception <a 'java/lang/NoSuchMethodError'{0x000000008da49048}: 'void java.lang.invoke.DirectMethodHandle$Holder.invokeStaticInit(java.lang.Object, long, double, double)'> (0x000000008da49048) 
thrown [s\src\hotspot\share\interpreter\linkResolver.cpp, line 774]
Event: 0.849 Thread 0x00000229257d5220 Exception <a 'java/lang/NoSuchMethodError'{0x000000008da574f8}: 'void java.lang.invoke.DirectMethodHandle$Holder.invokeStaticInit(java.lang.Object, long, int, int, int)'> (0x000000008da574f8) 
thrown [s\src\hotspot\share\interpreter\linkResolver.cpp, line 774]
Event: 0.867 Thread 0x00000229257d5220 Exception <a 'java/lang/NoSuchMethodError'{0x000000008da6dd50}: 'void java.lang.invoke.DirectMethodHandle$Holder.invokeStaticInit(java.lang.Object, long, int, int, int, int)'> (0x000000008da6dd50) 
thrown [s\src\hotspot\share\interpreter\linkResolver.cpp, line 774]
Event: 0.952 Thread 0x00000229257d5220 Exception <a 'java/lang/NoSuchMethodError'{0x000000008da91450}: 'void java.lang.System.load(java.lang.String, java.lang.Class)'> (0x000000008da91450) 
thrown [s\src\hotspot\share\interpreter\linkResolver.cpp, line 774]
Event: 0.954 Thread 0x00000229257d5220 Exception <a 'java/lang/NoSuchMethodError'{0x000000008da94258}: 'void java.lang.System.loadLibrary(java.lang.String, java.lang.Class)'> (0x000000008da94258) 
thrown [s\src\hotspot\share\interpreter\linkResolver.cpp, line 774]
Event: 0.962 Thread 0x00000229257d5220 Exception <a 'sun/nio/fs/WindowsException'{0x000000008daa3d20}> (0x000000008daa3d20) 
thrown [s\src\hotspot\share\prims\jni.cpp, line 517]
Event: 0.962 Thread 0x00000229257d5220 Exception <a 'sun/nio/fs/WindowsException'{0x000000008daa40d0}> (0x000000008daa40d0) 
thrown [s\src\hotspot\share\prims\jni.cpp, line 517]
Event: 0.969 Thread 0x00000229257d5220 Exception <a 'sun/nio/fs/WindowsException'{0x000000008daaa0d8}> (0x000000008daaa0d8) 
thrown [s\src\hotspot\share\prims\jni.cpp, line 517]
Event: 0.969 Thread 0x00000229257d5220 Exception <a 'sun/nio/fs/WindowsException'{0x000000008daaa3c0}> (0x000000008daaa3c0) 
thrown [s\src\hotspot\share\prims\jni.cpp, line 517]
Event: 1.289 Thread 0x00000229257d5220 Exception <a 'java/lang/NoSuchMethodError'{0x000000008d329188}: 'long java.lang.invoke.DelegatingMethodHandle$Holder.reinvoke_L(java.lang.Object, java.lang.Object)'> (0x000000008d329188) 
thrown [s\src\hotspot\share\interpreter\linkResolver.cpp, line 774]
Event: 1.291 Thread 0x00000229257d5220 Exception <a 'java/lang/NoSuchMethodError'{0x000000008d32fa70}: 'long java.lang.invoke.Invokers$Holder.invokeExact_MT(java.lang.Object, java.lang.Object, java.lang.Object)'> (0x000000008d32fa70) 
thrown [s\src\hotspot\share\interpreter\linkResolver.cpp, line 774]

VM Operations (6 events):
Event: 0.207 Executing VM operation: ChangeBreakpoints
Event: 0.207 Executing VM operation: ChangeBreakpoints done
Event: 0.269 Executing VM operation: HandshakeAllThreads
Event: 0.270 Executing VM operation: HandshakeAllThreads done
Event: 1.285 Executing VM operation: Cleanup
Event: 1.290 Executing VM operation: Cleanup done

Events (15 events):
Event: 0.089 Thread 0x00000229257d5220 Thread added: 0x00000229257d5220
Event: 0.104 Thread 0x0000022943f7c5d0 Thread added: 0x0000022943f7c5d0
Event: 0.104 Thread 0x0000022943f7d2b0 Thread added: 0x0000022943f7d2b0
Event: 0.105 Thread 0x0000022943f7fc50 Thread added: 0x0000022943f7fc50
Event: 0.105 Thread 0x0000022943f80670 Thread added: 0x0000022943f80670
Event: 0.105 Thread 0x0000022943f81830 Thread added: 0x0000022943f81830
Event: 0.105 Thread 0x0000022943f86270 Thread added: 0x0000022943f86270
Event: 0.105 Thread 0x0000022943f8cba0 Thread added: 0x0000022943f8cba0
Event: 0.106 Thread 0x0000022943f97300 Thread added: 0x0000022943f97300
Event: 0.106 Thread 0x0000022943fa3460 Thread added: 0x0000022943fa3460
Event: 0.203 Thread 0x0000022948230d50 Thread added: 0x0000022948230d50
Event: 0.203 Thread 0x0000022948231cf0 Thread added: 0x0000022948231cf0
Event: 0.205 Thread 0x000002294824c610 Thread added: 0x000002294824c610
Event: 0.235 Thread 0x0000022948262b20 Thread added: 0x0000022948262b20
Event: 0.241 Thread 0x000002294825b6a0 Thread added: 0x000002294825b6a0


Dynamic libraries:
0x00007ff788810000 - 0x00007ff78881d000 	C:\Users\fabia\.jdks\corretto-19.0.2\bin\java.exe
0x00007ffb74a70000 - 0x00007ffb74c87000 	C:\WINDOWS\SYSTEM32\ntdll.dll
0x00007ffb744b0000 - 0x00007ffb74574000 	C:\WINDOWS\System32\KERNEL32.DLL
0x00007ffb72300000 - 0x00007ffb726a5000 	C:\WINDOWS\System32\KERNELBASE.dll
0x00007ffb71e60000 - 0x00007ffb71f71000 	C:\WINDOWS\System32\ucrtbase.dll
0x00007ffb69ef0000 - 0x00007ffb69f07000 	C:\Users\fabia\.jdks\corretto-19.0.2\bin\jli.dll
0x00007ffb6f0b0000 - 0x00007ffb6f0c5000 	C:\Users\fabia\.jdks\corretto-19.0.2\bin\VCRUNTIME140.dll
0x00007ffb739b0000 - 0x00007ffb73b5e000 	C:\WINDOWS\System32\USER32.dll
0x00007ffb722d0000 - 0x00007ffb722f6000 	C:\WINDOWS\System32\win32u.dll
0x00007ffb5e370000 - 0x00007ffb5e603000 	C:\WINDOWS\WinSxS\amd64_microsoft.windows.common-controls_6595b64144ccf1df_6.0.22621.2506_none_270c5ae97388e100\COMCTL32.dll
0x00007ffb74300000 - 0x00007ffb743a7000 	C:\WINDOWS\System32\msvcrt.dll
0x00007ffb72e00000 - 0x00007ffb72e29000 	C:\WINDOWS\System32\GDI32.dll
0x00007ffb71f80000 - 0x00007ffb72099000 	C:\WINDOWS\System32\gdi32full.dll
0x00007ffb726b0000 - 0x00007ffb7274a000 	C:\WINDOWS\System32\msvcp_win.dll
0x00007ffb74660000 - 0x00007ffb74691000 	C:\WINDOWS\System32\IMM32.DLL
0x00007ffb2afc0000 - 0x00007ffb2b05b000 	C:\Users\fabia\.jdks\corretto-19.0.2\bin\msvcp140.dll
0x00007ffadb380000 - 0x00007ffadc059000 	C:\Users\fabia\.jdks\corretto-19.0.2\bin\server\jvm.dll
0x00007ffb73800000 - 0x00007ffb738b1000 	C:\WINDOWS\System32\ADVAPI32.dll
0x00007ffb746b0000 - 0x00007ffb74756000 	C:\WINDOWS\System32\sechost.dll
0x00007ffb74780000 - 0x00007ffb74897000 	C:\WINDOWS\System32\RPCRT4.dll
0x00007ffb52a70000 - 0x00007ffb52a79000 	C:\WINDOWS\SYSTEM32\WSOCK32.dll
0x00007ffb738d0000 - 0x00007ffb73941000 	C:\WINDOWS\System32\WS2_32.dll
0x00007ffb69000000 - 0x00007ffb6900a000 	C:\WINDOWS\SYSTEM32\VERSION.dll
0x00007ffb69e50000 - 0x00007ffb69e84000 	C:\WINDOWS\SYSTEM32\WINMM.dll
0x00007ffb70de0000 - 0x00007ffb70df8000 	C:\WINDOWS\SYSTEM32\kernel.appcore.dll
0x00007ffb6cab0000 - 0x00007ffb6caba000 	C:\Users\fabia\.jdks\corretto-19.0.2\bin\jimage.dll
0x00007ffb63650000 - 0x00007ffb63883000 	C:\WINDOWS\SYSTEM32\DBGHELP.DLL
0x00007ffb73f70000 - 0x00007ffb742f9000 	C:\WINDOWS\System32\combase.dll
0x00007ffb74580000 - 0x00007ffb74657000 	C:\WINDOWS\System32\OLEAUT32.dll
0x00007ffb4af40000 - 0x00007ffb4af72000 	C:\WINDOWS\SYSTEM32\dbgcore.DLL
0x00007ffb71de0000 - 0x00007ffb71e5a000 	C:\WINDOWS\System32\bcryptPrimitives.dll
0x00007ffb61c40000 - 0x00007ffb61c7b000 	C:\Users\fabia\.jdks\corretto-19.0.2\bin\jdwp.dll
0x00007ffb634d0000 - 0x00007ffb634f6000 	C:\Users\fabia\.jdks\corretto-19.0.2\bin\java.dll
0x00007ffb2ae50000 - 0x00007ffb2af26000 	C:\Users\fabia\.jdks\corretto-19.0.2\bin\jsvml.dll
0x00007ffb72fa0000 - 0x00007ffb737f9000 	C:\WINDOWS\System32\SHELL32.dll
0x00007ffb6fd00000 - 0x00007ffb705f4000 	C:\WINDOWS\SYSTEM32\windows.storage.dll
0x00007ffb6fbc0000 - 0x00007ffb6fcfe000 	C:\WINDOWS\SYSTEM32\wintypes.dll
0x00007ffb743b0000 - 0x00007ffb744a3000 	C:\WINDOWS\System32\SHCORE.dll
0x00007ffb748a0000 - 0x00007ffb748fe000 	C:\WINDOWS\System32\shlwapi.dll
0x00007ffb71d10000 - 0x00007ffb71d36000 	C:\WINDOWS\SYSTEM32\profapi.dll
0x00007ffb6f0d0000 - 0x00007ffb6f0dc000 	C:\Users\fabia\.jdks\corretto-19.0.2\bin\dt_socket.dll
0x00007ffb70860000 - 0x00007ffb7088d000 	C:\WINDOWS\SYSTEM32\IPHLPAPI.DLL
0x00007ffb71260000 - 0x00007ffb712c9000 	C:\WINDOWS\system32\mswsock.dll
0x00007ffb634b0000 - 0x00007ffb634c3000 	C:\Users\fabia\.jdks\corretto-19.0.2\bin\net.dll
0x00007ffb6bdb0000 - 0x00007ffb6bee7000 	C:\WINDOWS\SYSTEM32\WINHTTP.dll
0x00007ffb61ec0000 - 0x00007ffb61ed5000 	C:\Users\fabia\.jdks\corretto-19.0.2\bin\nio.dll
0x00007ffb68e20000 - 0x00007ffb68e38000 	C:\Users\fabia\.jdks\corretto-19.0.2\bin\zip.dll
0x00007ffb4b900000 - 0x00007ffb4b964000 	C:\Users\fabia\AppData\Local\Temp\lwjglfabia\3.2.3-build-13\lwjgl.dll
0x00007ffb4b530000 - 0x00007ffb4b592000 	C:\Users\fabia\AppData\Local\Temp\lwjglfabia\3.2.3-build-13\glfw.dll
0x00007ffb6f300000 - 0x00007ffb6f3ab000 	C:\WINDOWS\system32\uxtheme.dll
0x00007ffb61340000 - 0x00007ffb61386000 	C:\WINDOWS\SYSTEM32\dinput8.dll
0x00007ffb61da0000 - 0x00007ffb61db1000 	C:\WINDOWS\SYSTEM32\xinput1_4.dll
0x00007ffb71a50000 - 0x00007ffb71a9e000 	C:\WINDOWS\SYSTEM32\cfgmgr32.dll
0x00007ffb71a20000 - 0x00007ffb71a4c000 	C:\WINDOWS\SYSTEM32\DEVOBJ.dll
0x00007ffb6f640000 - 0x00007ffb6f66b000 	C:\WINDOWS\SYSTEM32\dwmapi.dll
0x00007ffb639b0000 - 0x00007ffb63bba000 	C:\WINDOWS\SYSTEM32\inputhost.dll
0x00007ffb6ed40000 - 0x00007ffb6ee73000 	C:\WINDOWS\SYSTEM32\CoreMessaging.dll
0x00007ffb72ca0000 - 0x00007ffb72def000 	C:\WINDOWS\System32\MSCTF.dll
0x00007ffb714d0000 - 0x00007ffb714dc000 	C:\WINDOWS\SYSTEM32\CRYPTBASE.DLL
0x00007ffb70600000 - 0x00007ffb7060e000 	C:\WINDOWS\SYSTEM32\HID.DLL
0x00007ffb72820000 - 0x00007ffb72c94000 	C:\WINDOWS\System32\SETUPAPI.DLL
0x00007ffb72750000 - 0x00007ffb727bc000 	C:\WINDOWS\System32\WINTRUST.dll
0x00007ffb720a0000 - 0x00007ffb72206000 	C:\WINDOWS\System32\CRYPT32.dll
0x00007ffb71510000 - 0x00007ffb71522000 	C:\WINDOWS\SYSTEM32\MSASN1.dll
0x00007ffb60b10000 - 0x00007ffb60c10000 	C:\WINDOWS\SYSTEM32\opengl32.dll
0x00007ffb61390000 - 0x00007ffb613bd000 	C:\WINDOWS\SYSTEM32\GLU32.dll
0x00007ffb6f400000 - 0x00007ffb6f436000 	C:\WINDOWS\SYSTEM32\dxcore.dll
0x00007ffb6c710000 - 0x00007ffb6c75a000 	C:\WINDOWS\SYSTEM32\directxdatabasehelper.dll
0x00007ffb74980000 - 0x00007ffb74a30000 	C:\WINDOWS\System32\clbcatq.dll
0x00007ffacfee0000 - 0x00007ffad0f02000 	C:\WINDOWS\System32\DriverStore\FileRepository\iigd_dch.inf_amd64_d73f88d32ddb95d3\ig11icd64.dll
0x00007ffb73b60000 - 0x00007ffb73d00000 	C:\WINDOWS\System32\ole32.dll
0x00007ffb6f440000 - 0x00007ffb6f538000 	C:\WINDOWS\system32\dxgi.dll
0x00007ffadaa00000 - 0x00007ffadae09000 	C:\WINDOWS\System32\DriverStore\FileRepository\iigd_dch.inf_amd64_d73f88d32ddb95d3\igdml64.dll
0x00007ffb66c80000 - 0x00007ffb66fb1000 	C:\WINDOWS\System32\DriverStore\FileRepository\iigd_dch.inf_amd64_d73f88d32ddb95d3\igdgmm64.dll
0x00007ffb63f00000 - 0x00007ffb66c78000 	C:\WINDOWS\System32\DriverStore\FileRepository\iigd_dch.inf_amd64_d73f88d32ddb95d3\igc64.dll
0x00007ffb71b00000 - 0x00007ffb71b4d000 	C:\WINDOWS\SYSTEM32\powrprof.dll
0x00007ffb71ae0000 - 0x00007ffb71af3000 	C:\WINDOWS\SYSTEM32\UMPDC.dll
0x00007ffb555a0000 - 0x00007ffb556ea000 	C:\WINDOWS\SYSTEM32\textinputframework.dll
0x00007ffb4c920000 - 0x00007ffb4c989000 	C:\WINDOWS\system32\Oleacc.dll
0x00007ffb2af60000 - 0x00007ffb2afb9000 	C:\Users\fabia\AppData\Local\Temp\lwjglfabia\3.2.3-build-13\lwjgl_opengl.dll

dbghelp: loaded successfully - version: 4.0.5 - missing functions: none
symbol engine: initialized successfully - sym options: 0x614 - pdb path: .;C:\Users\fabia\.jdks\corretto-19.0.2\bin;C:\WINDOWS\SYSTEM32;C:\WINDOWS\WinSxS\amd64_microsoft.windows.common-controls_6595b64144ccf1df_6.0.22621.2506_none_270c5ae97388e100;C:\Users\fabia\.jdks\corretto-19.0.2\bin\server;C:\Users\fabia\AppData\Local\Temp\lwjglfabia\3.2.3-build-13;C:\WINDOWS\System32\DriverStore\FileRepository\iigd_dch.inf_amd64_d73f88d32ddb95d3

VM Arguments:
jvm_args: -agentlib:jdwp=transport=dt_socket,server=n,suspend=y,address=127.0.0.1:61606 -Dfile.encoding=windows-1252 -Duser.country=DE -Duser.language=de -Duser.variant 
java_command: org.dogwaterdev.Main
java_class_path (initial): C:\Users\fabia\IdeaProjects\DogWaterDev\DGE\build\classes\java\main;C:\Users\fabia\IdeaProjects\DogWaterDev\DGE\build\resources\main;C:\Users\fabia\.gradle\caches\modules-2\files-2.1\org.lwjgl\lwjgl-assimp\3.2.3\f62aa07a20afbdd3097efc296c4841e0d29700eb\lwjgl-assimp-3.2.3.jar;C:\Users\fabia\.gradle\caches\modules-2\files-2.1\org.lwjgl\lwjgl-assimp\3.2.3\4e60aeb75f0343c4a9ede4ef8b6b32ca702a00a3\lwjgl-assimp-3.2.3-natives-windows.jar;C:\Users\fabia\.gradle\caches\modules-2\files-2.1\org.lwjgl\lwjgl-glfw\3.2.3\5e520d5c290c8b012545a8d34fa5db5ab051ea53\lwjgl-glfw-3.2.3.jar;C:\Users\fabia\.gradle\caches\modules-2\files-2.1\org.lwjgl\lwjgl-glfw\3.2.3\b4d8a3477cdc2edcf7a5f1e822926be846223f54\lwjgl-glfw-3.2.3-natives-windows.jar;C:\Users\fabia\.gradle\caches\modules-2\files-2.1\org.lwjgl\lwjgl-nfd\3.2.3\c44fee1043c022cf6614a28872d44cf114ca7737\lwjgl-nfd-3.2.3.jar;C:\Users\fabia\.gradle\caches\modules-2\files-2.1\org.lwjgl\lwjgl-nfd\3.2.3\32782f5f5c57769efb82af864e70b819c77bc891\lwjgl-nfd-3.2.3-natives-windows.jar;C:\Users\fabia\.gradle\caches\modules-2\files-2.1\org.lwjgl\lwjgl-openal\3.2.3\106742e805803ab9eab8e343f0fb31a3d263903c\lwjgl-openal-3.2.3.jar;C:\Users\fabia\.gradle\caches\modules-2\files-2.1\org.lwjgl\lwjgl-openal\3.2.3\ec898e8ce11b5886f4f532a1536283ef2817758d\lwjgl-openal-3.2.3-natives-windows.jar;C:\Users\fabia\.gradle\caches\modules-2\files-2.1\org.lwjgl\lwjgl-opengl\3.2.3\bdd534a323d0c8f54969b95e424b6ac8984f7d6e\lwjgl-opengl-3.2.3.jar;C:\Users\fabia\.gradle\caches\modules-2\files-2.1\org.lwjgl\lwjgl-opengl\3.2.3\e81cfc73ec8708e5e791ed770e4ec3edfc1bbab1\lwjgl-opengl-3.2.3-natives-windows.jar;C:\Users\fabia\.gradle\caches\modules-2\files-2.1\org.lwjgl\lwjgl-stb\3.2.3\40eccaa4fa86fc815f2e17946a392fb5fdcc286a\lwjgl-stb-3.2.3.jar;C:\Users\fabia\.gradle\caches\modules-2\files-2.1\org.lwjgl\lwjgl-stb\3.2.3\817b21ec286f0ba3dcedb56a3bd275e6a9345be9\lwjgl-stb-3.2.3-natives-windows.jar;C:\Users\fabia\.gradle\caches\modules-2\files-2.1\org.lwjgl\lwjgl\3.2.3\17a59ba0fe8d474ec9dbe0d5db40d2cfe59c4c08\lwjgl-3.2.3.jar;C:\Users\fabia\.gradle\caches\modules-2\files-2.1\org.lwjgl\lwjgl\3.2.3\27f32cd35349684745951e04388e8e00d681cdcd\lwjgl-3.2.3-natives-windows.jar;C:\Users\fabia\.gradle\caches\modules-2\files-2.1\org.joml\joml\1.10.5\22566d58af70ad3d72308bab63b8339906deb649\joml-1.10.5.jar
Launcher Type: SUN_STANDARD

[Global flags]
     intx CICompilerCount                          = 4                                         {product} {ergonomic}
     uint ConcGCThreads                            = 2                                         {product} {ergonomic}
     uint G1ConcRefinementThreads                  = 8                                         {product} {ergonomic}
   size_t G1HeapRegionSize                         = 1048576                                   {product} {ergonomic}
    uintx GCDrainStackTargetSize                   = 64                                        {product} {ergonomic}
   size_t InitialHeapSize                          = 127926272                                 {product} {ergonomic}
   size_t MarkStackSize                            = 4194304                                   {product} {ergonomic}
   size_t MaxHeapSize                              = 2040528896                                {product} {ergonomic}
   size_t MaxNewSize                               = 1223688192                                {product} {ergonomic}
   size_t MinHeapDeltaBytes                        = 1048576                                   {product} {ergonomic}
   size_t MinHeapSize                              = 8388608                                   {product} {ergonomic}
    uintx NonNMethodCodeHeapSize                   = 5839372                                {pd product} {ergonomic}
    uintx NonProfiledCodeHeapSize                  = 122909434                              {pd product} {ergonomic}
    uintx ProfiledCodeHeapSize                     = 122909434                              {pd product} {ergonomic}
    uintx ReservedCodeCacheSize                    = 251658240                              {pd product} {ergonomic}
     bool SegmentedCodeCache                       = true                                      {product} {ergonomic}
   size_t SoftMaxHeapSize                          = 2040528896                             {manageable} {ergonomic}
     bool UseCompressedClassPointers               = true                           {product lp64_product} {ergonomic}
     bool UseCompressedOops                        = true                           {product lp64_product} {ergonomic}
     bool UseG1GC                                  = true                                      {product} {ergonomic}
     bool UseLargePagesIndividualAllocation        = false                                  {pd product} {ergonomic}

Logging:
Log output configuration:
 #0: stdout all=warning uptime,level,tags foldmultilines=false
 #1: stderr all=off uptime,level,tags foldmultilines=false

Environment Variables:
PATH=C:\Program Files\Common Files\Oracle\Java\javapath;C:\Program Files (x86)\Common Files\Oracle\Java\javapath;C:\WINDOWS\system32;C:\WINDOWS;C:\WINDOWS\System32\Wbem;C:\WINDOWS\System32\WindowsPowerShell\v1.0\;C:\WINDOWS\System32\OpenSSH\;C:\Program Files\nodejs\;C:\ProgramData\chocolatey\bin;C:\Program Files\GitHub CLI\;C:\Program Files\Git\cmd;C:\Users\fabia\AppData\Local\Programs\Python\Python312\Scripts\;C:\Users\fabia\AppData\Local\Programs\Python\Python312\;C:\Users\fabia\AppData\Local\Microsoft\WindowsApps;C:\Users\fabia\AppData\Roaming\npm;C:\Users\fabia\AppData\Local\Programs\Microsoft VS Code\bin;D:\Programme\IntelliJ IDEA Community Edition 2023.2.5\bin;
USERNAME=fabia
OS=Windows_NT
PROCESSOR_IDENTIFIER=Intel64 Family 6 Model 126 Stepping 5, GenuineIntel
TMP=C:\Users\fabia\AppData\Local\Temp
TEMP=C:\Users\fabia\AppData\Local\Temp



---------------  S Y S T E M  ---------------

OS:
 Windows 11 , 64 bit Build 22621 (10.0.22621.2506)
OS uptime: 7 days 13:13 hours

CPU: total 8 (initial active 8) (4 cores per cpu, 2 threads per core) family 6 model 126 stepping 5 microcode 0xb0, cx8, cmov, fxsr, ht, mmx, 3dnowpref, sse, sse2, sse3, ssse3, sse4.1, sse4.2, popcnt, lzcnt, tsc, tscinvbit, avx, avx2, aes, erms, clmul, bmi1, bmi2, adx, avx512f, avx512dq, avx512cd, avx512bw, avx512vl, sha, fma, vzeroupper, avx512_vpopcntdq, avx512_vpclmulqdq, avx512_vaes, avx512_vnni, clflush, clflushopt, avx512_vbmi2, avx512_vbmi, rdtscp, rdpid, fsrm, gfni, avx512_bitalg

Memory: 4k page, system-wide physical 7778M (393M free)
TotalPageFile size 15556M (AvailPageFile size 1909M)
current process WorkingSet (physical memory assigned to process): 170M, peak: 171M
current process commit charge ("private bytes"): 240M, peak: 242M

vm_info: OpenJDK 64-Bit Server VM (19.0.2+7-FR) for windows-amd64 JRE (19.0.2+7-FR), built on Jan 13 2023 22:53:32 by "Administrator" with MS VC++ 15.9 (VS2017)

END.
